# JRE version: Java(TM) SE Runtime Environment (8.0_74-b02) (build 1.8.0_74-b02)
# Java VM: Java HotSpot(TM) 64-Bit Server VM (25.74-b02 mixed mode windows-amd64 compressed oops)
Heap:
 PSYoungGen      total 246784K, used 42679K [0x00000000eab00000, 0x00000000ffe80000, 0x0000000100000000)
  eden space 151552K, 25% used [0x00000000eab00000,0x00000000ed165c50,0x00000000f3f00000)
  from space 95232K, 3% used [0x00000000f3f00000,0x00000000f4248000,0x00000000f9c00000)
  to   space 92160K, 0% used [0x00000000fa480000,0x00000000fa480000,0x00000000ffe80000)
 ParOldGen       total 346112K, used 170511K [0x00000000c0000000, 0x00000000d5200000, 0x00000000eab00000)
  object space 346112K, 49% used [0x00000000c0000000,0x00000000ca683ca8,0x00000000d5200000)
 Metaspace       used 78426K, capacity 81932K, committed 82816K, reserved 1122304K
  class space    used 9350K, capacity 9922K, committed 10112K, reserved 1048576K
GC Heap History (10 events):
Event: 5981.004 GC heap before
{Heap before GC invocations=141 (full 16):
 PSYoungGen      total 259072K, used 163840K [0x00000000eab00000, 0x0000000100000000, 0x0000000100000000)
  eden space 163840K, 100% used [0x00000000eab00000,0x00000000f4b00000,0x00000000f4b00000)
  from space 95232K, 0% used [0x00000000fa300000,0x00000000fa300000,0x0000000100000000)
  to   space 90112K, 0% used [0x00000000f4b00000,0x00000000f4b00000,0x00000000fa300000)
 ParOldGen       total 346112K, used 90234K [0x00000000c0000000, 0x00000000d5200000, 0x00000000eab00000)
  object space 346112K, 26% used [0x00000000c0000000,0x00000000c581ea60,0x00000000d5200000)
 Metaspace       used 78425K, capacity 81932K, committed 82816K, reserved 1122304K
  class space    used 9350K, capacity 9922K, committed 10112K, reserved 1048576K
Event: 5981.011 GC heap after
Heap after GC invocations=141 (full 16):
 PSYoungGen      total 168448K, used 4232K [0x00000000eab00000, 0x00000000ff700000, 0x0000000100000000)
  eden space 163840K, 0% used [0x00000000eab00000,0x00000000eab00000,0x00000000f4b00000)
  from space 4608K, 91% used [0x00000000f4b00000,0x00000000f4f22020,0x00000000f4f80000)
  to   space 88064K, 0% used [0x00000000fa100000,0x00000000fa100000,0x00000000ff700000)
 ParOldGen       total 346112K, used 90234K [0x00000000c0000000, 0x00000000d5200000, 0x00000000eab00000)
  object space 346112K, 26% used [0x00000000c0000000,0x00000000c581ea60,0x00000000d5200000)
 Metaspace       used 78425K, capacity 81932K, committed 82816K, reserved 1122304K
  class space    used 9350K, capacity 9922K, committed 10112K, reserved 1048576K
}
Event: 5984.417 GC heap before
{Heap before GC invocations=142 (full 16):
 PSYoungGen      total 168448K, used 168072K [0x00000000eab00000, 0x00000000ff700000, 0x0000000100000000)
  eden space 163840K, 100% used [0x00000000eab00000,0x00000000f4b00000,0x00000000f4b00000)
  from space 4608K, 91% used [0x00000000f4b00000,0x00000000f4f22020,0x00000000f4f80000)
  to   space 88064K, 0% used [0x00000000fa100000,0x00000000fa100000,0x00000000ff700000)
 ParOldGen       total 346112K, used 90234K [0x00000000c0000000, 0x00000000d5200000, 0x00000000eab00000)
  object space 346112K, 26% used [0x00000000c0000000,0x00000000c581ea60,0x00000000d5200000)
 Metaspace       used 78426K, capacity 81932K, committed 82816K, reserved 1122304K
  class space    used 9350K, capacity 9922K, committed 10112K, reserved 1048576K
Event: 5984.474 GC heap after
Heap after GC invocations=142 (full 16):
 PSYoungGen      total 237568K, used 75317K [0x00000000eab00000, 0x0000000100000000, 0x0000000100000000)
  eden space 149504K, 0% used [0x00000000eab00000,0x00000000eab00000,0x00000000f3d00000)
  from space 88064K, 85% used [0x00000000fa100000,0x00000000fea8d658,0x00000000ff700000)
  to   space 99840K, 0% used [0x00000000f3d00000,0x00000000f3d00000,0x00000000f9e80000)
 ParOldGen       total 346112K, used 91018K [0x00000000c0000000, 0x00000000d5200000, 0x00000000eab00000)
  object space 346112K, 26% used [0x00000000c0000000,0x00000000c58e2a70,0x00000000d5200000)
 Metaspace       used 78426K, capacity 81932K, committed 82816K, reserved 1122304K
  class space    used 9350K, capacity 9922K, committed 10112K, reserved 1048576K
}
Event: 5984.532 GC heap before
{Heap before GC invocations=143 (full 16):
 PSYoungGen      total 237568K, used 224821K [0x00000000eab00000, 0x0000000100000000, 0x0000000100000000)
  eden space 149504K, 100% used [0x00000000eab00000,0x00000000f3d00000,0x00000000f3d00000)
  from space 88064K, 85% used [0x00000000fa100000,0x00000000fea8d658,0x00000000ff700000)
  to   space 99840K, 0% used [0x00000000f3d00000,0x00000000f3d00000,0x00000000f9e80000)
 ParOldGen       total 346112K, used 91018K [0x00000000c0000000, 0x00000000d5200000, 0x00000000eab00000)
  object space 346112K, 26% used [0x00000000c0000000,0x00000000c58e2a70,0x00000000d5200000)
 Metaspace       used 78426K, capacity 81932K, committed 82816K, reserved 1122304K
  class space    used 9350K, capacity 9922K, committed 10112K, reserved 1048576K
Event: 5984.598 GC heap after
Heap after GC invocations=143 (full 16):
 PSYoungGen      total 249344K, used 2720K [0x00000000eab00000, 0x0000000100000000, 0x0000000100000000)
  eden space 149504K, 0% used [0x00000000eab00000,0x00000000eab00000,0x00000000f3d00000)
  from space 99840K, 2% used [0x00000000f3d00000,0x00000000f3fa8000,0x00000000f9e80000)
  to   space 97792K, 0% used [0x00000000fa080000,0x00000000fa080000,0x0000000100000000)
 ParOldGen       total 346112K, used 165383K [0x00000000c0000000, 0x00000000d5200000, 0x00000000eab00000)
  object space 346112K, 47% used [0x00000000c0000000,0x00000000ca181ca8,0x00000000d5200000)
 Metaspace       used 78426K, capacity 81932K, committed 82816K, reserved 1122304K
  class space    used 9350K, capacity 9922K, committed 10112K, reserved 1048576K
}
Event: 5984.664 GC heap before
{Heap before GC invocations=144 (full 16):
 PSYoungGen      total 249344K, used 152224K [0x00000000eab00000, 0x0000000100000000, 0x0000000100000000)
  eden space 149504K, 100% used [0x00000000eab00000,0x00000000f3d00000,0x00000000f3d00000)
  from space 99840K, 2% used [0x00000000f3d00000,0x00000000f3fa8000,0x00000000f9e80000)
  to   space 97792K, 0% used [0x00000000fa080000,0x00000000fa080000,0x0000000100000000)
 ParOldGen       total 346112K, used 165383K [0x00000000c0000000, 0x00000000d5200000, 0x00000000eab00000)
  object space 346112K, 47% used [0x00000000c0000000,0x00000000ca181ca8,0x00000000d5200000)
 Metaspace       used 78426K, capacity 81932K, committed 82816K, reserved 1122304K
  class space    used 9350K, capacity 9922K, committed 10112K, reserved 1048576K
Event: 5984.673 GC heap after
Heap after GC invocations=144 (full 16):
 PSYoungGen      total 242176K, used 2496K [0x00000000eab00000, 0x00000000ff900000, 0x0000000100000000)
  eden space 151552K, 0% used [0x00000000eab00000,0x00000000eab00000,0x00000000f3f00000)
  from space 90624K, 2% used [0x00000000fa080000,0x00000000fa2f0000,0x00000000ff900000)
  to   space 95232K, 0% used [0x00000000f3f00000,0x00000000f3f00000,0x00000000f9c00000)
 ParOldGen       total 346112K, used 168055K [0x00000000c0000000, 0x00000000d5200000, 0x00000000eab00000)
  object space 346112K, 48% used [0x00000000c0000000,0x00000000ca41dca8,0x00000000d5200000)
 Metaspace       used 78426K, capacity 81932K, committed 82816K, reserved 1122304K
  class space    used 9350K, capacity 9922K, committed 10112K, reserved 1048576K
}
Event: 5984.753 GC heap before
{Heap before GC invocations=145 (full 16):
 PSYoungGen      total 242176K, used 154048K [0x00000000eab00000, 0x00000000ff900000, 0x0000000100000000)
  eden space 151552K, 100% used [0x00000000eab00000,0x00000000f3f00000,0x00000000f3f00000)
  from space 90624K, 2% used [0x00000000fa080000,0x00000000fa2f0000,0x00000000ff900000)
  to   space 95232K, 0% used [0x00000000f3f00000,0x00000000f3f00000,0x00000000f9c00000)
 ParOldGen       total 346112K, used 168055K [0x00000000c0000000, 0x00000000d5200000, 0x00000000eab00000)
  object space 346112K, 48% used [0x00000000c0000000,0x00000000ca41dca8,0x00000000d5200000)
 Metaspace       used 78426K, capacity 81932K, committed 82816K, reserved 1122304K
  class space    used 9350K, capacity 9922K, committed 10112K, reserved 1048576K
Event: 5984.765 GC heap after
Heap after GC invocations=145 (full 16):
 PSYoungGen      total 246784K, used 3360K [0x00000000eab00000, 0x00000000ffe80000, 0x0000000100000000)
  eden space 151552K, 0% used [0x00000000eab00000,0x00000000eab00000,0x00000000f3f00000)
  from space 95232K, 3% used [0x00000000f3f00000,0x00000000f4248000,0x00000000f9c00000)
  to   space 92160K, 0% used [0x00000000fa480000,0x00000000fa480000,0x00000000ffe80000)
 ParOldGen       total 346112K, used 170511K [0x00000000c0000000, 0x00000000d5200000, 0x00000000eab00000)
  object space 346112K, 49% used [0x00000000c0000000,0x00000000ca683ca8,0x00000000d5200000)
 Metaspace       used 78426K, capacity 81932K, committed 82816K, reserved 1122304K
  class space    used 9350K, capacity 9922K, committed 10112K, reserved 1048576K
}

